This is XeTeX, Version 3.141592653-2.6-0.999997 (TeX Live 2025) (preloaded format=xelatex 2025.4.16)  17 APR 2025 23:48
entering extended mode
 restricted \write18 enabled.
 %&-line parsing enabled.
**Texte_mining.tex
(./Texte_mining.tex
LaTeX2e <2024-11-01> patch level 2
L3 programming layer <2025-03-26>
(c:/Users/lenovo/AppData/Roaming/TinyTeX/texmf-dist/tex/latex/base/article.cls
Document Class: article 2024/06/29 v1.4n Standard LaTeX document class
(c:/Users/lenovo/AppData/Roaming/TinyTeX/texmf-dist/tex/latex/base/size10.clo
File: size10.clo 2024/06/29 v1.4n Standard LaTeX file (size option)
)
\c@part=\count193
\c@section=\count194
\c@subsection=\count195
\c@subsubsection=\count196
\c@paragraph=\count197
\c@subparagraph=\count198
\c@figure=\count199
\c@table=\count266
\abovecaptionskip=\skip49
\belowcaptionskip=\skip50
\bibindent=\dimen146
) (c:/Users/lenovo/AppData/Roaming/TinyTeX/texmf-dist/tex/latex/amsmath/amsmath.sty
Package: amsmath 2024/11/05 v2.17t AMS math features
\@mathmargin=\skip51
For additional information on amsmath, use the `?' option.
(c:/Users/lenovo/AppData/Roaming/TinyTeX/texmf-dist/tex/latex/amsmath/amstext.sty
Package: amstext 2021/08/26 v2.01 AMS text
(c:/Users/lenovo/AppData/Roaming/TinyTeX/texmf-dist/tex/latex/amsmath/amsgen.sty
File: amsgen.sty 1999/11/30 v2.0 generic functions
\@emptytoks=\toks17
\ex@=\dimen147
)) (c:/Users/lenovo/AppData/Roaming/TinyTeX/texmf-dist/tex/latex/amsmath/amsbsy.sty
Package: amsbsy 1999/11/29 v1.2d Bold Symbols
\pmbraise@=\dimen148
) (c:/Users/lenovo/AppData/Roaming/TinyTeX/texmf-dist/tex/latex/amsmath/amsopn.sty
Package: amsopn 2022/04/08 v2.04 operator names
)
\inf@bad=\count267
LaTeX Info: Redefining \frac on input line 233.
\uproot@=\count268
\leftroot@=\count269
LaTeX Info: Redefining \overline on input line 398.
LaTeX Info: Redefining \colon on input line 409.
\classnum@=\count270
\DOTSCASE@=\count271
LaTeX Info: Redefining \ldots on input line 495.
LaTeX Info: Redefining \dots on input line 498.
LaTeX Info: Redefining \cdots on input line 619.
\Mathstrutbox@=\box53
\strutbox@=\box54
LaTeX Info: Redefining \big on input line 721.
LaTeX Info: Redefining \Big on input line 722.
LaTeX Info: Redefining \bigg on input line 723.
LaTeX Info: Redefining \Bigg on input line 724.
\big@size=\dimen149
LaTeX Font Info:    Redeclaring font encoding OML on input line 742.
LaTeX Font Info:    Redeclaring font encoding OMS on input line 743.
\macc@depth=\count272
LaTeX Info: Redefining \bmod on input line 904.
LaTeX Info: Redefining \pmod on input line 909.
LaTeX Info: Redefining \smash on input line 939.
LaTeX Info: Redefining \relbar on input line 969.
LaTeX Info: Redefining \Relbar on input line 970.
\c@MaxMatrixCols=\count273
\dotsspace@=\muskip17
\c@parentequation=\count274
\dspbrk@lvl=\count275
\tag@help=\toks18
\row@=\count276
\column@=\count277
\maxfields@=\count278
\andhelp@=\toks19
\eqnshift@=\dimen150
\alignsep@=\dimen151
\tagshift@=\dimen152
\tagwidth@=\dimen153
\totwidth@=\dimen154
\lineht@=\dimen155
\@envbody=\toks20
\multlinegap=\skip52
\multlinetaggap=\skip53
\mathdisplay@stack=\toks21
LaTeX Info: Redefining \[ on input line 2953.
LaTeX Info: Redefining \] on input line 2954.
) (c:/Users/lenovo/AppData/Roaming/TinyTeX/texmf-dist/tex/latex/amsfonts/amssymb.sty
Package: amssymb 2013/01/14 v3.01 AMS font symbols
(c:/Users/lenovo/AppData/Roaming/TinyTeX/texmf-dist/tex/latex/amsfonts/amsfonts.sty
Package: amsfonts 2013/01/14 v3.01 Basic AMSFonts support
\symAMSa=\mathgroup4
\symAMSb=\mathgroup5
LaTeX Font Info:    Redeclaring math symbol \hbar on input line 98.
LaTeX Font Info:    Overwriting math alphabet `\mathfrak' in version `bold'
(Font)                  U/euf/m/n --> U/euf/b/n on input line 106.
)) (c:/Users/lenovo/AppData/Roaming/TinyTeX/texmf-dist/tex/generic/iftex/iftex.sty
Package: iftex 2024/12/12 v1.0g TeX engine tests
) (c:/Users/lenovo/AppData/Roaming/TinyTeX/texmf-dist/tex/latex/unicode-math/unicode-math.sty (c:/Users/lenovo/AppData/Roaming/TinyTeX/texmf-dist/tex/latex/l3kernel/expl3.sty
Package: expl3 2025-03-26 L3 programming layer (loader) 
(c:/Users/lenovo/AppData/Roaming/TinyTeX/texmf-dist/tex/latex/l3backend/l3backend-xetex.def
File: l3backend-xetex.def 2025-03-14 L3 backend support: XeTeX
\g__graphics_track_int=\count279
\g__pdfannot_backend_int=\count280
\g__pdfannot_backend_link_int=\count281
))
Package: unicode-math 2023/08/13 v0.8r Unicode maths in XeLaTeX and LuaLaTeX
(c:/Users/lenovo/AppData/Roaming/TinyTeX/texmf-dist/tex/latex/unicode-math/unicode-math-xetex.sty
Package: unicode-math-xetex 2023/08/13 v0.8r Unicode maths in XeLaTeX and LuaLaTeX
(c:/Users/lenovo/AppData/Roaming/TinyTeX/texmf-dist/tex/latex/l3packages/xparse/xparse.sty
Package: xparse 2024-08-16 L3 Experimental document command parser
) (c:/Users/lenovo/AppData/Roaming/TinyTeX/texmf-dist/tex/latex/l3packages/l3keys2e/l3keys2e.sty
Package: l3keys2e 2024-08-16 LaTeX2e option processing using LaTeX3 keys
) (c:/Users/lenovo/AppData/Roaming/TinyTeX/texmf-dist/tex/latex/fontspec/fontspec.sty
Package: fontspec 2024/05/11 v2.9e Font selection for XeLaTeX and LuaLaTeX
(c:/Users/lenovo/AppData/Roaming/TinyTeX/texmf-dist/tex/latex/fontspec/fontspec-xetex.sty
Package: fontspec-xetex 2024/05/11 v2.9e Font selection for XeLaTeX and LuaLaTeX
\l__fontspec_script_int=\count282
\l__fontspec_language_int=\count283
\l__fontspec_strnum_int=\count284
\l__fontspec_tmp_int=\count285
\l__fontspec_tmpa_int=\count286
\l__fontspec_tmpb_int=\count287
\l__fontspec_tmpc_int=\count288
\l__fontspec_em_int=\count289
\l__fontspec_emdef_int=\count290
\l__fontspec_strong_int=\count291
\l__fontspec_strongdef_int=\count292
\l__fontspec_tmpa_dim=\dimen156
\l__fontspec_tmpb_dim=\dimen157
\l__fontspec_tmpc_dim=\dimen158
(c:/Users/lenovo/AppData/Roaming/TinyTeX/texmf-dist/tex/latex/base/fontenc.sty
Package: fontenc 2021/04/29 v2.0v Standard LaTeX package
) (c:/Users/lenovo/AppData/Roaming/TinyTeX/texmf-dist/tex/latex/fontspec/fontspec.cfg))) (c:/Users/lenovo/AppData/Roaming/TinyTeX/texmf-dist/tex/latex/base/fix-cm.sty
Package: fix-cm 2020/11/24 v1.1t fixes to LaTeX
(c:/Users/lenovo/AppData/Roaming/TinyTeX/texmf-dist/tex/latex/base/ts1enc.def
File: ts1enc.def 2001/06/05 v3.0e (jk/car/fm) Standard LaTeX file
LaTeX Font Info:    Redeclaring font encoding TS1 on input line 47.
))
\g__um_fam_int=\count293
\g__um_fonts_used_int=\count294
\l__um_primecount_int=\count295
\g__um_primekern_muskip=\muskip18
(c:/Users/lenovo/AppData/Roaming/TinyTeX/texmf-dist/tex/latex/unicode-math/unicode-math-table.tex))) (c:/Users/lenovo/AppData/Roaming/TinyTeX/texmf-dist/tex/latex/lm/lmodern.sty
Package: lmodern 2015/05/01 v1.6.1 Latin Modern Fonts
LaTeX Font Info:    Overwriting symbol font `operators' in version `normal'
(Font)                  OT1/cmr/m/n --> OT1/lmr/m/n on input line 22.
LaTeX Font Info:    Overwriting symbol font `letters' in version `normal'
(Font)                  OML/cmm/m/it --> OML/lmm/m/it on input line 23.
LaTeX Font Info:    Overwriting symbol font `symbols' in version `normal'
(Font)                  OMS/cmsy/m/n --> OMS/lmsy/m/n on input line 24.
LaTeX Font Info:    Overwriting symbol font `largesymbols' in version `normal'
(Font)                  OMX/cmex/m/n --> OMX/lmex/m/n on input line 25.
LaTeX Font Info:    Overwriting symbol font `operators' in version `bold'
(Font)                  OT1/cmr/bx/n --> OT1/lmr/bx/n on input line 26.
LaTeX Font Info:    Overwriting symbol font `letters' in version `bold'
(Font)                  OML/cmm/b/it --> OML/lmm/b/it on input line 27.
LaTeX Font Info:    Overwriting symbol font `symbols' in version `bold'
(Font)                  OMS/cmsy/b/n --> OMS/lmsy/b/n on input line 28.
LaTeX Font Info:    Overwriting symbol font `largesymbols' in version `bold'
(Font)                  OMX/cmex/m/n --> OMX/lmex/m/n on input line 29.
LaTeX Font Info:    Overwriting math alphabet `\mathbf' in version `normal'
(Font)                  OT1/cmr/bx/n --> OT1/lmr/bx/n on input line 31.
LaTeX Font Info:    Overwriting math alphabet `\mathsf' in version `normal'
(Font)                  OT1/cmss/m/n --> OT1/lmss/m/n on input line 32.
LaTeX Font Info:    Overwriting math alphabet `\mathit' in version `normal'
(Font)                  OT1/cmr/m/it --> OT1/lmr/m/it on input line 33.
LaTeX Font Info:    Overwriting math alphabet `\mathtt' in version `normal'
(Font)                  OT1/cmtt/m/n --> OT1/lmtt/m/n on input line 34.
LaTeX Font Info:    Overwriting math alphabet `\mathbf' in version `bold'
(Font)                  OT1/cmr/bx/n --> OT1/lmr/bx/n on input line 35.
LaTeX Font Info:    Overwriting math alphabet `\mathsf' in version `bold'
(Font)                  OT1/cmss/bx/n --> OT1/lmss/bx/n on input line 36.
LaTeX Font Info:    Overwriting math alphabet `\mathit' in version `bold'
(Font)                  OT1/cmr/bx/it --> OT1/lmr/bx/it on input line 37.
LaTeX Font Info:    Overwriting math alphabet `\mathtt' in version `bold'
(Font)                  OT1/cmtt/m/n --> OT1/lmtt/m/n on input line 38.
) (c:/Users/lenovo/AppData/Roaming/TinyTeX/texmf-dist/tex/latex/microtype/microtype.sty
Package: microtype 2025/02/11 v3.2a Micro-typographical refinements (RS)
(c:/Users/lenovo/AppData/Roaming/TinyTeX/texmf-dist/tex/latex/graphics/keyval.sty
Package: keyval 2022/05/29 v1.15 key=value parser (DPC)
\KV@toks@=\toks22
) (c:/Users/lenovo/AppData/Roaming/TinyTeX/texmf-dist/tex/latex/etoolbox/etoolbox.sty
Package: etoolbox 2025/02/11 v2.5l e-TeX tools for LaTeX (JAW)
\etb@tempcnta=\count296
)
\MT@toks=\toks23
\MT@tempbox=\box55
\MT@count=\count297
LaTeX Info: Redefining \noprotrusionifhmode on input line 1087.
LaTeX Info: Redefining \leftprotrusion on input line 1088.
\MT@prot@toks=\toks24
LaTeX Info: Redefining \rightprotrusion on input line 1107.
LaTeX Info: Redefining \textls on input line 1449.
\MT@outer@kern=\dimen159
LaTeX Info: Redefining \microtypecontext on input line 2053.
LaTeX Info: Redefining \textmicrotypecontext on input line 2070.
\MT@listname@count=\count298
(c:/Users/lenovo/AppData/Roaming/TinyTeX/texmf-dist/tex/latex/microtype/microtype-xetex.def
File: microtype-xetex.def 2025/02/11 v3.2a Definitions specific to xetex (RS)
LaTeX Info: Redefining \lsstyle on input line 443.
LaTeX Info: Redefining \lslig on input line 451.
\MT@outer@space=\skip54
)
Package microtype Info: Loading configuration file microtype.cfg.
(c:/Users/lenovo/AppData/Roaming/TinyTeX/texmf-dist/tex/latex/microtype/microtype.cfg
File: microtype.cfg 2025/02/11 v3.2a microtype main configuration file (RS)
)
LaTeX Info: Redefining \microtypesetup on input line 3065.
) (c:/Users/lenovo/AppData/Roaming/TinyTeX/texmf-dist/tex/latex/parskip/parskip.sty
Package: parskip 2021-03-14 v2.0h non-zero parskip adjustments
(c:/Users/lenovo/AppData/Roaming/TinyTeX/texmf-dist/tex/latex/kvoptions/kvoptions.sty
Package: kvoptions 2022-06-15 v3.15 Key value format for package options (HO)
(c:/Users/lenovo/AppData/Roaming/TinyTeX/texmf-dist/tex/generic/ltxcmds/ltxcmds.sty
Package: ltxcmds 2023-12-04 v1.26 LaTeX kernel commands for general use (HO)
) (c:/Users/lenovo/AppData/Roaming/TinyTeX/texmf-dist/tex/latex/kvsetkeys/kvsetkeys.sty
Package: kvsetkeys 2022-10-05 v1.19 Key value parser (HO)
))) (c:/Users/lenovo/AppData/Roaming/TinyTeX/texmf-dist/tex/latex/xcolor/xcolor.sty
Package: xcolor 2024/09/29 v3.02 LaTeX color extensions (UK)
(c:/Users/lenovo/AppData/Roaming/TinyTeX/texmf-dist/tex/latex/graphics-cfg/color.cfg
File: color.cfg 2016/01/02 v1.6 sample color configuration
)
Package xcolor Info: Driver file: xetex.def on input line 274.
(c:/Users/lenovo/AppData/Roaming/TinyTeX/texmf-dist/tex/latex/graphics-def/xetex.def
File: xetex.def 2022/09/22 v5.0n Graphics/color driver for xetex
) (c:/Users/lenovo/AppData/Roaming/TinyTeX/texmf-dist/tex/latex/graphics/mathcolor.ltx)
Package xcolor Info: Model `cmy' substituted by `cmy0' on input line 1349.
Package xcolor Info: Model `RGB' extended on input line 1365.
Package xcolor Info: Model `HTML' substituted by `rgb' on input line 1367.
Package xcolor Info: Model `Hsb' substituted by `hsb' on input line 1368.
Package xcolor Info: Model `tHsb' substituted by `hsb' on input line 1369.
Package xcolor Info: Model `HSB' substituted by `hsb' on input line 1370.
Package xcolor Info: Model `Gray' substituted by `gray' on input line 1371.
Package xcolor Info: Model `wave' substituted by `hsb' on input line 1372.
) (c:/Users/lenovo/AppData/Roaming/TinyTeX/texmf-dist/tex/latex/geometry/geometry.sty
Package: geometry 2020/01/02 v5.9 Page Geometry
(c:/Users/lenovo/AppData/Roaming/TinyTeX/texmf-dist/tex/generic/iftex/ifvtex.sty
Package: ifvtex 2019/10/25 v1.7 ifvtex legacy package. Use iftex instead.
)
\Gm@cnth=\count299
\Gm@cntv=\count300
\c@Gm@tempcnt=\count301
\Gm@bindingoffset=\dimen160
\Gm@wd@mp=\dimen161
\Gm@odd@mp=\dimen162
\Gm@even@mp=\dimen163
\Gm@layoutwidth=\dimen164
\Gm@layoutheight=\dimen165
\Gm@layouthoffset=\dimen166
\Gm@layoutvoffset=\dimen167
\Gm@dimlist=\toks25
) (c:/Users/lenovo/AppData/Roaming/TinyTeX/texmf-dist/tex/latex/fancyvrb/fancyvrb.sty
Package: fancyvrb 2024/01/20 4.5c verbatim text (tvz,hv)
\FV@CodeLineNo=\count302
\FV@InFile=\read2
\FV@TabBox=\box56
\c@FancyVerbLine=\count303
\FV@StepNumber=\count304
\FV@OutFile=\write3
) (c:/Users/lenovo/AppData/Roaming/TinyTeX/texmf-dist/tex/latex/framed/framed.sty
Package: framed 2011/10/22 v 0.96: framed or shaded text with page breaks
\OuterFrameSep=\skip55
\fb@frw=\dimen168
\fb@frh=\dimen169
\FrameRule=\dimen170
\FrameSep=\dimen171
) (c:/Users/lenovo/AppData/Roaming/TinyTeX/texmf-dist/tex/latex/tools/longtable.sty
Package: longtable 2024-10-27 v4.22 Multi-page Table package (DPC)
\LTleft=\skip56
\LTright=\skip57
\LTpre=\skip58
\LTpost=\skip59
\LTchunksize=\count305
\LTcapwidth=\dimen172
\LT@head=\box57
\LT@firsthead=\box58
\LT@foot=\box59
\LT@lastfoot=\box60
\LT@gbox=\box61
\LT@cols=\count306
\LT@rows=\count307
\c@LT@tables=\count308
\c@LT@chunks=\count309
\LT@p@ftn=\toks26
) (c:/Users/lenovo/AppData/Roaming/TinyTeX/texmf-dist/tex/latex/booktabs/booktabs.sty
Package: booktabs 2020/01/12 v1.61803398 Publication quality tables
\heavyrulewidth=\dimen173
\lightrulewidth=\dimen174
\cmidrulewidth=\dimen175
\belowrulesep=\dimen176
\belowbottomsep=\dimen177
\aboverulesep=\dimen178
\abovetopsep=\dimen179
\cmidrulesep=\dimen180
\cmidrulekern=\dimen181
\defaultaddspace=\dimen182
\@cmidla=\count310
\@cmidlb=\count311
\@aboverulesep=\dimen183
\@belowrulesep=\dimen184
\@thisruleclass=\count312
\@lastruleclass=\count313
\@thisrulewidth=\dimen185
) (c:/Users/lenovo/AppData/Roaming/TinyTeX/texmf-dist/tex/latex/tools/array.sty
Package: array 2024/10/17 v2.6g Tabular extension package (FMi)
\col@sep=\dimen186
\ar@mcellbox=\box62
\extrarowheight=\dimen187
\NC@list=\toks27
\extratabsurround=\skip60
\backup@length=\skip61
\ar@cellbox=\box63
) (c:/Users/lenovo/AppData/Roaming/TinyTeX/texmf-dist/tex/latex/tools/calc.sty
Package: calc 2023/07/08 v4.3 Infix arithmetic (KKT,FJ)
\calc@Acount=\count314
\calc@Bcount=\count315
\calc@Adimen=\dimen188
\calc@Bdimen=\dimen189
\calc@Askip=\skip62
\calc@Bskip=\skip63
LaTeX Info: Redefining \setlength on input line 80.
LaTeX Info: Redefining \addtolength on input line 81.
\calc@Ccount=\count316
\calc@Cskip=\skip64
) (c:/Users/lenovo/AppData/Roaming/TinyTeX/texmf-dist/tex/latex/mdwtools/footnote.sty
Package: footnote 1997/01/28 1.13 Save footnotes around boxes
\fn@notes=\box64
\fn@width=\dimen190
) (c:/Users/lenovo/AppData/Roaming/TinyTeX/texmf-dist/tex/latex/graphics/graphicx.sty
Package: graphicx 2021/09/16 v1.2d Enhanced LaTeX Graphics (DPC,SPQR)
(c:/Users/lenovo/AppData/Roaming/TinyTeX/texmf-dist/tex/latex/graphics/graphics.sty
Package: graphics 2024/08/06 v1.4g Standard LaTeX Graphics (DPC,SPQR)
(c:/Users/lenovo/AppData/Roaming/TinyTeX/texmf-dist/tex/latex/graphics/trig.sty
Package: trig 2023/12/02 v1.11 sin cos tan (DPC)
) (c:/Users/lenovo/AppData/Roaming/TinyTeX/texmf-dist/tex/latex/graphics-cfg/graphics.cfg
File: graphics.cfg 2016/06/04 v1.11 sample graphics configuration
)
Package graphics Info: Driver file: xetex.def on input line 106.
)
\Gin@req@height=\dimen191
\Gin@req@width=\dimen192
) (c:/Users/lenovo/AppData/Roaming/TinyTeX/texmf-dist/tex/latex/hyperref/hyperref.sty
Package: hyperref 2024-11-05 v7.01l Hypertext links for LaTeX
(c:/Users/lenovo/AppData/Roaming/TinyTeX/texmf-dist/tex/generic/kvdefinekeys/kvdefinekeys.sty
Package: kvdefinekeys 2019-12-19 v1.6 Define keys (HO)
) (c:/Users/lenovo/AppData/Roaming/TinyTeX/texmf-dist/tex/generic/pdfescape/pdfescape.sty
Package: pdfescape 2019/12/09 v1.15 Implements pdfTeX's escape features (HO)
(c:/Users/lenovo/AppData/Roaming/TinyTeX/texmf-dist/tex/generic/pdftexcmds/pdftexcmds.sty
Package: pdftexcmds 2020-06-27 v0.33 Utility functions of pdfTeX for LuaTeX (HO)
(c:/Users/lenovo/AppData/Roaming/TinyTeX/texmf-dist/tex/generic/infwarerr/infwarerr.sty
Package: infwarerr 2019/12/03 v1.5 Providing info/warning/error messages (HO)
)
Package pdftexcmds Info: \pdf@primitive is available.
Package pdftexcmds Info: \pdf@ifprimitive is available.
Package pdftexcmds Info: \pdfdraftmode not found.
)) (c:/Users/lenovo/AppData/Roaming/TinyTeX/texmf-dist/tex/latex/hycolor/hycolor.sty
Package: hycolor 2020-01-27 v1.10 Color options for hyperref/bookmark (HO)
) (c:/Users/lenovo/AppData/Roaming/TinyTeX/texmf-dist/tex/latex/hyperref/nameref.sty
Package: nameref 2023-11-26 v2.56 Cross-referencing by name of section
(c:/Users/lenovo/AppData/Roaming/TinyTeX/texmf-dist/tex/latex/refcount/refcount.sty
Package: refcount 2019/12/15 v3.6 Data extraction from label references (HO)
) (c:/Users/lenovo/AppData/Roaming/TinyTeX/texmf-dist/tex/generic/gettitlestring/gettitlestring.sty
Package: gettitlestring 2019/12/15 v1.6 Cleanup title references (HO)
)
\c@section@level=\count317
) (c:/Users/lenovo/AppData/Roaming/TinyTeX/texmf-dist/tex/generic/stringenc/stringenc.sty
Package: stringenc 2019/11/29 v1.12 Convert strings between diff. encodings (HO)
)
\@linkdim=\dimen193
\Hy@linkcounter=\count318
\Hy@pagecounter=\count319
(c:/Users/lenovo/AppData/Roaming/TinyTeX/texmf-dist/tex/latex/hyperref/pd1enc.def
File: pd1enc.def 2024-11-05 v7.01l Hyperref: PDFDocEncoding definition (HO)
) (c:/Users/lenovo/AppData/Roaming/TinyTeX/texmf-dist/tex/generic/intcalc/intcalc.sty
Package: intcalc 2019/12/15 v1.3 Expandable calculations with integers (HO)
)
\Hy@SavedSpaceFactor=\count320
(c:/Users/lenovo/AppData/Roaming/TinyTeX/texmf-dist/tex/latex/hyperref/puenc.def
File: puenc.def 2024-11-05 v7.01l Hyperref: PDF Unicode definition (HO)
)
Package hyperref Info: Option `unicode' set `true' on input line 4040.
Package hyperref Info: Hyper figures OFF on input line 4157.
Package hyperref Info: Link nesting OFF on input line 4162.
Package hyperref Info: Hyper index ON on input line 4165.
Package hyperref Info: Plain pages OFF on input line 4172.
Package hyperref Info: Backreferencing OFF on input line 4177.
Package hyperref Info: Implicit mode ON; LaTeX internals redefined.
Package hyperref Info: Bookmarks ON on input line 4424.
\c@Hy@tempcnt=\count321
(c:/Users/lenovo/AppData/Roaming/TinyTeX/texmf-dist/tex/latex/url/url.sty
\Urlmuskip=\muskip19
Package: url 2013/09/16  ver 3.4  Verb mode for urls, etc.
)
LaTeX Info: Redefining \url on input line 4763.
\XeTeXLinkMargin=\dimen194
(c:/Users/lenovo/AppData/Roaming/TinyTeX/texmf-dist/tex/generic/bitset/bitset.sty
Package: bitset 2019/12/09 v1.3 Handle bit-vector datatype (HO)
(c:/Users/lenovo/AppData/Roaming/TinyTeX/texmf-dist/tex/generic/bigintcalc/bigintcalc.sty
Package: bigintcalc 2019/12/15 v1.5 Expandable calculations on big integers (HO)
))
\Fld@menulength=\count322
\Field@Width=\dimen195
\Fld@charsize=\dimen196
Package hyperref Info: Hyper figures OFF on input line 6042.
Package hyperref Info: Link nesting OFF on input line 6047.
Package hyperref Info: Hyper index ON on input line 6050.
Package hyperref Info: backreferencing OFF on input line 6057.
Package hyperref Info: Link coloring OFF on input line 6062.
Package hyperref Info: Link coloring with OCG OFF on input line 6067.
Package hyperref Info: PDF/A mode OFF on input line 6072.
(c:/Users/lenovo/AppData/Roaming/TinyTeX/texmf-dist/tex/latex/base/atbegshi-ltx.sty
Package: atbegshi-ltx 2021/01/10 v1.0c Emulation of the original atbegshi
package with kernel methods
)
\Hy@abspage=\count323
\c@Item=\count324
\c@Hfootnote=\count325
)
Package hyperref Info: Driver (autodetected): hxetex.
(c:/Users/lenovo/AppData/Roaming/TinyTeX/texmf-dist/tex/latex/hyperref/hxetex.def
File: hxetex.def 2024-11-05 v7.01l Hyperref driver for XeTeX
\pdfm@box=\box65
\c@Hy@AnnotLevel=\count326
\HyField@AnnotCount=\count327
\Fld@listcount=\count328
\c@bookmark@seq@number=\count329
(c:/Users/lenovo/AppData/Roaming/TinyTeX/texmf-dist/tex/latex/rerunfilecheck/rerunfilecheck.sty
Package: rerunfilecheck 2022-07-10 v1.10 Rerun checks for auxiliary files (HO)
(c:/Users/lenovo/AppData/Roaming/TinyTeX/texmf-dist/tex/latex/base/atveryend-ltx.sty
Package: atveryend-ltx 2020/08/19 v1.0a Emulation of the original atveryend package
with kernel methods
) (c:/Users/lenovo/AppData/Roaming/TinyTeX/texmf-dist/tex/generic/uniquecounter/uniquecounter.sty
Package: uniquecounter 2019/12/15 v1.4 Provide unlimited unique counter (HO)
)
Package uniquecounter Info: New unique counter `rerunfilecheck' on input line 285.
)
\Hy@SectionHShift=\skip65
)

Package fontspec Info: 
(fontspec)             Cambria scale = 0.9233102663759599.


Package fontspec Info: 
(fontspec)             Cambria scale = 1.


Package fontspec Info: 
(fontspec)             Cambria scale = 0.9233102663759599.


Package fontspec Info: 
(fontspec)             Cambria scale = 1.


Package fontspec Info: 
(fontspec)             Cambria scale = 0.9233102663759599.


Package fontspec Info: 
(fontspec)             Cambria scale = 1.


Package fontspec Info: 
(fontspec)             Cambria/B scale = 0.8898031445213442.


Package fontspec Info: 
(fontspec)             Cambria/B scale = 1.


Package fontspec Info: 
(fontspec)             Cambria/B scale = 0.8898031445213442.


Package fontspec Info: 
(fontspec)             Cambria/B scale = 1.


Package fontspec Info: 
(fontspec)             Cambria/I scale = 0.9233102663759599.


Package fontspec Info: 
(fontspec)             Cambria/I scale = 1.


Package fontspec Info: 
(fontspec)             Cambria/I scale = 0.9233102663759599.


Package fontspec Info: 
(fontspec)             Cambria/I scale = 1.


Package fontspec Info: 
(fontspec)             Cambria/BI scale = 0.8898031445213442.


Package fontspec Info: 
(fontspec)             Cambria/BI scale = 1.


Package fontspec Info: 
(fontspec)             Cambria/BI scale = 0.8898031445213442.


Package fontspec Info: 
(fontspec)             Cambria/BI scale = 1.


Package fontspec Info: 
(fontspec)             Font family 'Cambria(0)' created for font 'Cambria'
(fontspec)             with options
(fontspec)             [Scale=MatchLowercase,Ligatures=TeX,Scale=1].
(fontspec)              
(fontspec)              This font family consists of the following NFSS
(fontspec)             series/shapes:
(fontspec)              
(fontspec)             - 'normal' (m/n) with NFSS spec.:
(fontspec)             <->s*[1]"Cambria/OT:script=latn;language=dflt;mapping=tex-text;"
(fontspec)             - 'small caps'  (m/sc) with NFSS spec.:
(fontspec)             <->s*[1]"Cambria/OT:script=latn;language=dflt;+smcp;mapping=tex-text;"
(fontspec)             - 'bold' (b/n) with NFSS spec.:
(fontspec)             <->s*[1]"Cambria/B/OT:script=latn;language=dflt;mapping=tex-text;"
(fontspec)             - 'bold small caps'  (b/sc) with NFSS spec.:
(fontspec)             <->s*[1]"Cambria/B/OT:script=latn;language=dflt;+smcp;mapping=tex-text;"
(fontspec)             - 'italic' (m/it) with NFSS spec.:
(fontspec)             <->s*[1]"Cambria/I/OT:script=latn;language=dflt;mapping=tex-text;"
(fontspec)             - 'italic small caps'  (m/scit) with NFSS spec.:
(fontspec)             <->s*[1]"Cambria/I/OT:script=latn;language=dflt;+smcp;mapping=tex-text;"
(fontspec)             - 'bold italic' (b/it) with NFSS spec.:
(fontspec)             <->s*[1]"Cambria/BI/OT:script=latn;language=dflt;mapping=tex-text;"
(fontspec)             - 'bold italic small caps'  (b/scit) with NFSS spec.:
(fontspec)             <->s*[1]"Cambria/BI/OT:script=latn;language=dflt;+smcp;mapping=tex-text;"

LaTeX Font Info:    Font shape `TU/Cambria(0)/m/n' will be
(Font)              scaled to size 10.0pt on input line 113.

Package fontspec Info: 
(fontspec)             Cambria scale = 0.9999967311822334.


Package fontspec Info: 
(fontspec)             Cambria scale = 0.9999967311822334.


Package fontspec Info: 
(fontspec)             Cambria scale = 0.9999967311822334.


Package fontspec Info: 
(fontspec)             Cambria/B scale = 0.9637066415491384.


Package fontspec Info: 
(fontspec)             Cambria/B scale = 0.9637066415491384.


Package fontspec Info: 
(fontspec)             Cambria/I scale = 0.9999967311822334.


Package fontspec Info: 
(fontspec)             Cambria/I scale = 0.9999967311822334.


Package fontspec Info: 
(fontspec)             Cambria/BI scale = 0.9637066415491384.


Package fontspec Info: 
(fontspec)             Cambria/BI scale = 0.9637066415491384.


Package fontspec Info: 
(fontspec)             Font family 'Cambria(1)' created for font 'Cambria'
(fontspec)             with options [Scale=MatchLowercase].
(fontspec)              
(fontspec)              This font family consists of the following NFSS
(fontspec)             series/shapes:
(fontspec)              
(fontspec)             - 'normal' (m/n) with NFSS spec.:
(fontspec)             <->s*[0.9999967311822334]"Cambria/OT:script=latn;language=dflt;"
(fontspec)             - 'small caps'  (m/sc) with NFSS spec.:
(fontspec)             <->s*[0.9999967311822334]"Cambria/OT:script=latn;language=dflt;+smcp;"
(fontspec)             - 'bold' (b/n) with NFSS spec.:
(fontspec)             <->s*[0.9637066415491384]"Cambria/B/OT:script=latn;language=dflt;"
(fontspec)             - 'bold small caps'  (b/sc) with NFSS spec.:
(fontspec)             <->s*[0.9637066415491384]"Cambria/B/OT:script=latn;language=dflt;+smcp;"
(fontspec)             - 'italic' (m/it) with NFSS spec.:
(fontspec)             <->s*[0.9999967311822334]"Cambria/I/OT:script=latn;language=dflt;"
(fontspec)             - 'italic small caps'  (m/scit) with NFSS spec.:
(fontspec)             <->s*[0.9999967311822334]"Cambria/I/OT:script=latn;language=dflt;+smcp;"
(fontspec)             - 'bold italic' (b/it) with NFSS spec.:
(fontspec)             <->s*[0.9637066415491384]"Cambria/BI/OT:script=latn;language=dflt;"
(fontspec)             - 'bold italic small caps'  (b/scit) with NFSS spec.:
(fontspec)             <->s*[0.9637066415491384]"Cambria/BI/OT:script=latn;language=dflt;+smcp;"

LaTeX Font Info:    Overwriting math alphabet `\mathrm' in version `normal'
(Font)                  OT1/lmr/m/n --> TU/Cambria(1)/m/n on input line 113.
LaTeX Font Info:    Overwriting math alphabet `\mathit' in version `normal'
(Font)                  OT1/lmr/m/it --> TU/Cambria(1)/m/it on input line 113.
LaTeX Font Info:    Overwriting math alphabet `\mathbf' in version `normal'
(Font)                  OT1/lmr/bx/n --> TU/Cambria(1)/b/n on input line 113.

Package fontspec Info: 
(fontspec)             Franklin Gothic Demi Cond scale = 0.9465317248399604.


Package fontspec Info: 
(fontspec)             Could not resolve font "Franklin Gothic Demi Cond/BI"
(fontspec)             (it probably doesn't exist).


Package fontspec Info: 
(fontspec)             Could not resolve font "Franklin Gothic Demi Cond/B"
(fontspec)             (it probably doesn't exist).


Package fontspec Info: 
(fontspec)             Could not resolve font "Franklin Gothic Demi Cond/I"
(fontspec)             (it probably doesn't exist).


Package fontspec Info: 
(fontspec)             Franklin Gothic Demi Cond scale = 0.9465317248399604.


Package fontspec Info: 
(fontspec)             Font family 'FranklinGothicDemiCond(0)' created for
(fontspec)             font 'Franklin Gothic Demi Cond' with options
(fontspec)             [Scale=MatchLowercase,Ligatures=TeX].
(fontspec)              
(fontspec)              This font family consists of the following NFSS
(fontspec)             series/shapes:
(fontspec)              
(fontspec)             - 'normal' (m/n) with NFSS spec.:
(fontspec)             <->s*[0.9465317248399604]"Franklin Gothic Demi
(fontspec)             Cond/OT:language=dflt;mapping=tex-text;"


Package fontspec Info: 
(fontspec)             Franklin Gothic Demi Cond scale = 0.9465317248399604.


Package fontspec Info: 
(fontspec)             Could not resolve font "Franklin Gothic Demi Cond/BI"
(fontspec)             (it probably doesn't exist).


Package fontspec Info: 
(fontspec)             Could not resolve font "Franklin Gothic Demi Cond/B"
(fontspec)             (it probably doesn't exist).


Package fontspec Info: 
(fontspec)             Could not resolve font "Franklin Gothic Demi Cond/I"
(fontspec)             (it probably doesn't exist).


Package fontspec Info: 
(fontspec)             Franklin Gothic Demi Cond scale = 0.9465317248399604.


Package fontspec Info: 
(fontspec)             Font family 'FranklinGothicDemiCond(1)' created for
(fontspec)             font 'Franklin Gothic Demi Cond' with options
(fontspec)             [Scale=MatchLowercase].
(fontspec)              
(fontspec)              This font family consists of the following NFSS
(fontspec)             series/shapes:
(fontspec)              
(fontspec)             - 'normal' (m/n) with NFSS spec.:
(fontspec)             <->s*[0.9465317248399604]"Franklin Gothic Demi
(fontspec)             Cond/OT:language=dflt;"

LaTeX Font Info:    Overwriting math alphabet `\mathsf' in version `normal'
(Font)                  OT1/lmss/m/n --> TU/FranklinGothicDemiCond(1)/m/n on input line 114.
LaTeX Font Info:    Overwriting math alphabet `\mathsf' in version `bold'
(Font)                  OT1/lmss/bx/n --> TU/FranklinGothicDemiCond(1)/b/n on input line 114.

Package fontspec Info: 
(fontspec)             Courier New scale = 1.10392211344503.


Package fontspec Info: 
(fontspec)             Courier New scale = 1.10392211344503.


Package fontspec Info: 
(fontspec)             Courier New/B scale = 1.052859812569478.


Package fontspec Info: 
(fontspec)             Courier New/I scale = 1.10392211344503.


Package fontspec Info: 
(fontspec)             Courier New/BI scale = 1.052859812569478.


Package fontspec Info: 
(fontspec)             Font family 'CourierNew(0)' created for font 'Courier
(fontspec)             New' with options
(fontspec)             [Scale=MatchLowercase,WordSpace={1,0,0},HyphenChar=None,PunctuationSpace=WordSpace].
(fontspec)              
(fontspec)              This font family consists of the following NFSS
(fontspec)             series/shapes:
(fontspec)              
(fontspec)             - 'normal' (m/n) with NFSS spec.:
(fontspec)             <->s*[1.10392211344503]"Courier
(fontspec)             New/OT:script=latn;language=dflt;"
(fontspec)             - 'bold' (b/n) with NFSS spec.:
(fontspec)             <->s*[1.052859812569478]"Courier
(fontspec)             New/B/OT:script=latn;language=dflt;"
(fontspec)             - 'italic' (m/it) with NFSS spec.:
(fontspec)             <->s*[1.10392211344503]"Courier
(fontspec)             New/I/OT:script=latn;language=dflt;"
(fontspec)             - 'bold italic' (b/it) with NFSS spec.:
(fontspec)             <->s*[1.052859812569478]"Courier
(fontspec)             New/BI/OT:script=latn;language=dflt;"


Package fontspec Info: 
(fontspec)             Courier New scale = 1.10392211344503.


Package fontspec Info: 
(fontspec)             Courier New scale = 1.10392211344503.


Package fontspec Info: 
(fontspec)             Courier New/B scale = 1.052859812569478.


Package fontspec Info: 
(fontspec)             Courier New/I scale = 1.10392211344503.


Package fontspec Info: 
(fontspec)             Courier New/BI scale = 1.052859812569478.


Package fontspec Info: 
(fontspec)             Font family 'CourierNew(1)' created for font 'Courier
(fontspec)             New' with options [Scale=MatchLowercase].
(fontspec)              
(fontspec)              This font family consists of the following NFSS
(fontspec)             series/shapes:
(fontspec)              
(fontspec)             - 'normal' (m/n) with NFSS spec.:
(fontspec)             <->s*[1.10392211344503]"Courier
(fontspec)             New/OT:script=latn;language=dflt;"
(fontspec)             - 'bold' (b/n) with NFSS spec.:
(fontspec)             <->s*[1.052859812569478]"Courier
(fontspec)             New/B/OT:script=latn;language=dflt;"
(fontspec)             - 'italic' (m/it) with NFSS spec.:
(fontspec)             <->s*[1.10392211344503]"Courier
(fontspec)             New/I/OT:script=latn;language=dflt;"
(fontspec)             - 'bold italic' (b/it) with NFSS spec.:
(fontspec)             <->s*[1.052859812569478]"Courier
(fontspec)             New/BI/OT:script=latn;language=dflt;"

LaTeX Font Info:    Overwriting math alphabet `\mathtt' in version `normal'
(Font)                  OT1/lmtt/m/n --> TU/CourierNew(1)/m/n on input line 115.
LaTeX Font Info:    Overwriting math alphabet `\mathtt' in version `bold'
(Font)                  OT1/lmtt/m/n --> TU/CourierNew(1)/b/n on input line 115.
(c:/Users/lenovo/AppData/Roaming/TinyTeX/texmf-dist/tex/latex/titlesec/titlesec.sty
Package: titlesec 2025/01/04 v2.17 Sectioning titles
\ttl@box=\box66
\beforetitleunit=\skip66
\aftertitleunit=\skip67
\ttl@plus=\dimen197
\ttl@minus=\dimen198
\ttl@toksa=\toks28
\titlewidth=\dimen199
\titlewidthlast=\dimen256
\titlewidthfirst=\dimen257
) (c:/Users/lenovo/AppData/Roaming/TinyTeX/texmf-dist/tex/latex/tocloft/tocloft.sty
Package: tocloft 2017/08/31 v2.3i parameterised ToC, etc., typesetting
Package tocloft Info: The document has section divisions on input line 51.
\cftparskip=\skip68
\cftbeforetoctitleskip=\skip69
\cftaftertoctitleskip=\skip70
\cftbeforepartskip=\skip71
\cftpartnumwidth=\skip72
\cftpartindent=\skip73
\cftbeforesecskip=\skip74
\cftsecindent=\skip75
\cftsecnumwidth=\skip76
\cftbeforesubsecskip=\skip77
\cftsubsecindent=\skip78
\cftsubsecnumwidth=\skip79
\cftbeforesubsubsecskip=\skip80
\cftsubsubsecindent=\skip81
\cftsubsubsecnumwidth=\skip82
\cftbeforeparaskip=\skip83
\cftparaindent=\skip84
\cftparanumwidth=\skip85
\cftbeforesubparaskip=\skip86
\cftsubparaindent=\skip87
\cftsubparanumwidth=\skip88
\cftbeforeloftitleskip=\skip89
\cftafterloftitleskip=\skip90
\cftbeforefigskip=\skip91
\cftfigindent=\skip92
\cftfignumwidth=\skip93
\c@lofdepth=\count330
\c@lotdepth=\count331
\cftbeforelottitleskip=\skip94
\cftafterlottitleskip=\skip95
\cftbeforetabskip=\skip96
\cfttabindent=\skip97
\cfttabnumwidth=\skip98

Package tocloft Warning: \@starttoc has already been redefined; tocloft bailing out. on input line 1156.

) (c:/Users/lenovo/AppData/Roaming/TinyTeX/texmf-dist/tex/latex/bookmark/bookmark.sty
Package: bookmark 2023-12-10 v1.31 PDF bookmarks (HO)
(c:/Users/lenovo/AppData/Roaming/TinyTeX/texmf-dist/tex/latex/bookmark/bkm-dvipdfm.def
File: bkm-dvipdfm.def 2023-12-10 v1.31 bookmark driver for dvipdfm (HO)
\BKM@id=\count332
)) (./Texte_mining.aux

LaTeX Warning: Label `sec:importation' multiply defined.


LaTeX Warning: Label `sec:importation' multiply defined.


LaTeX Warning: Label `sec:importation' multiply defined.


LaTeX Warning: Label `sec:importation' multiply defined.


LaTeX Warning: Label `sec:importation' multiply defined.


LaTeX Warning: Label `sec:importation' multiply defined.

)
\openout1 = `Texte_mining.aux'.

LaTeX Font Info:    Checking defaults for OML/cmm/m/it on input line 139.
LaTeX Font Info:    ... okay on input line 139.
LaTeX Font Info:    Checking defaults for OMS/cmsy/m/n on input line 139.
LaTeX Font Info:    ... okay on input line 139.
LaTeX Font Info:    Checking defaults for OT1/cmr/m/n on input line 139.
LaTeX Font Info:    ... okay on input line 139.
LaTeX Font Info:    Checking defaults for T1/cmr/m/n on input line 139.
LaTeX Font Info:    ... okay on input line 139.
LaTeX Font Info:    Checking defaults for TS1/cmr/m/n on input line 139.
LaTeX Font Info:    ... okay on input line 139.
LaTeX Font Info:    Checking defaults for TU/lmr/m/n on input line 139.
LaTeX Font Info:    ... okay on input line 139.
LaTeX Font Info:    Checking defaults for OMX/cmex/m/n on input line 139.
LaTeX Font Info:    ... okay on input line 139.
LaTeX Font Info:    Checking defaults for U/cmr/m/n on input line 139.
LaTeX Font Info:    ... okay on input line 139.
LaTeX Font Info:    Checking defaults for PD1/pdf/m/n on input line 139.
LaTeX Font Info:    ... okay on input line 139.
LaTeX Font Info:    Checking defaults for PU/pdf/m/n on input line 139.
LaTeX Font Info:    ... okay on input line 139.

Package fontspec Info: 
(fontspec)             latinmodern-math scale = 1.083052173574405.


Package fontspec Info: 
(fontspec)             latinmodern-math scale = 1.083052173574405.


Package fontspec Info: 
(fontspec)             latinmodern-math scale = 1.083052173574405.


Package fontspec Info: 
(fontspec)             Font family 'latinmodern-math.otf(0)' created for font
(fontspec)             'latinmodern-math.otf' with options
(fontspec)             [Scale=MatchLowercase,BoldItalicFont={},ItalicFont={},SmallCapsFont={},Script=Math,BoldFont={latinmodern-math.otf}].
(fontspec)              
(fontspec)              This font family consists of the following NFSS
(fontspec)             series/shapes:
(fontspec)              
(fontspec)             - 'normal' (m/n) with NFSS spec.:
(fontspec)             <->s*[1.083052173574405]"[latinmodern-math.otf]/OT:script=math;language=dflt;"
(fontspec)             - 'bold' (b/n) with NFSS spec.:
(fontspec)             <->s*[1.083052173574405]"[latinmodern-math.otf]/OT:script=math;language=dflt;"

LaTeX Font Info:    Font shape `TU/latinmodern-math.otf(0)/m/n' will be
(Font)              scaled to size 10.83054pt on input line 139.

Package fontspec Info: 
(fontspec)             latinmodern-math scale = 1.083052173574405.


Package fontspec Info: 
(fontspec)             latinmodern-math scale = 1.083052173574405.


Package fontspec Info: 
(fontspec)             latinmodern-math scale = 1.083052173574405.


Package fontspec Info: 
(fontspec)             latinmodern-math scale = 1.083052173574405.


Package fontspec Info: 
(fontspec)             latinmodern-math scale = 1.083052173574405.


Package fontspec Info: 
(fontspec)             Font family 'latinmodern-math.otf(1)' created for font
(fontspec)             'latinmodern-math.otf' with options
(fontspec)             [Scale=MatchLowercase,BoldItalicFont={},ItalicFont={},SmallCapsFont={},Script=Math,SizeFeatures={{Size=8.5-},{Size=6-8.5,Font=latinmodern-math.otf,Style=MathScript},{Size=-6,Font=latinmodern-math.otf,Style=MathScriptScript}},BoldFont={latinmodern-math.otf}].
(fontspec)              
(fontspec)              This font family consists of the following NFSS
(fontspec)             series/shapes:
(fontspec)              
(fontspec)             - 'normal' (m/n) with NFSS spec.:
(fontspec)             <8.5->s*[1.083052173574405]"[latinmodern-math.otf]/OT:script=math;language=dflt;"<6-8.5>s*[1.083052173574405]"[latinmodern-math.otf]/OT:script=math;language=dflt;+ssty=0;"<-6>s*[1.083052173574405]"[latinmodern-math.otf]/OT:script=math;language=dflt;+ssty=1;"
(fontspec)             - 'bold' (b/n) with NFSS spec.:
(fontspec)             <->s*[1.083052173574405]"[latinmodern-math.otf]/OT:script=math;language=dflt;"

LaTeX Font Info:    Font shape `TU/latinmodern-math.otf(1)/m/n' will be
(Font)              scaled to size 10.83054pt on input line 139.
LaTeX Font Info:    Encoding `OT1' has changed to `TU' for symbol font
(Font)              `operators' in the math version `normal' on input line 139.
LaTeX Font Info:    Overwriting symbol font `operators' in version `normal'
(Font)                  OT1/lmr/m/n --> TU/latinmodern-math.otf(1)/m/n on input line 139.
LaTeX Font Info:    Encoding `OT1' has changed to `TU' for symbol font
(Font)              `operators' in the math version `bold' on input line 139.
LaTeX Font Info:    Overwriting symbol font `operators' in version `bold'
(Font)                  OT1/lmr/bx/n --> TU/latinmodern-math.otf(1)/b/n on input line 139.

Package fontspec Info: 
(fontspec)             latinmodern-math scale = 1.083052173574405.


Package fontspec Info: 
(fontspec)             latinmodern-math scale = 1.083160478791762.


Package fontspec Info: 
(fontspec)             latinmodern-math scale = 1.083052173574405.


Package fontspec Info: 
(fontspec)             latinmodern-math scale = 1.083160478791762.


Package fontspec Info: 
(fontspec)             latinmodern-math scale = 1.083052173574405.


Package fontspec Info: 
(fontspec)             latinmodern-math scale = 1.083160478791762.


Package fontspec Info: 
(fontspec)             latinmodern-math scale = 1.083052173574405.


Package fontspec Info: 
(fontspec)             latinmodern-math scale = 1.083160478791762.


Package fontspec Info: 
(fontspec)             latinmodern-math scale = 1.083052173574405.


Package fontspec Info: 
(fontspec)             latinmodern-math scale = 1.083160478791762.


Package fontspec Info: 
(fontspec)             Font family 'latinmodern-math.otf(2)' created for font
(fontspec)             'latinmodern-math.otf' with options
(fontspec)             [Scale=MatchLowercase,BoldItalicFont={},ItalicFont={},SmallCapsFont={},Script=Math,SizeFeatures={{Size=8.5-},{Size=6-8.5,Font=latinmodern-math.otf,Style=MathScript},{Size=-6,Font=latinmodern-math.otf,Style=MathScriptScript}},BoldFont={latinmodern-math.otf},ScaleAgain=1.0001,FontAdjustment={\fontdimen
(fontspec)             8\font =7.33228pt\relax \fontdimen 9\font
(fontspec)             =4.26723pt\relax \fontdimen 10\font =4.80876pt\relax
(fontspec)             \fontdimen 11\font =7.42975pt\relax \fontdimen 12\font
(fontspec)             =3.73654pt\relax \fontdimen 13\font =3.93149pt\relax
(fontspec)             \fontdimen 14\font =3.93149pt\relax \fontdimen 15\font
(fontspec)             =3.13002pt\relax \fontdimen 16\font =2.67514pt\relax
(fontspec)             \fontdimen 17\font =2.67514pt\relax \fontdimen 18\font
(fontspec)             =2.70764pt\relax \fontdimen 19\font =2.1661pt\relax
(fontspec)             \fontdimen 22\font =2.70764pt\relax \fontdimen 20\font
(fontspec)             =0pt\relax \fontdimen 21\font =0pt\relax }].
(fontspec)              
(fontspec)              This font family consists of the following NFSS
(fontspec)             series/shapes:
(fontspec)              
(fontspec)             - 'normal' (m/n) with NFSS spec.:
(fontspec)             <8.5->s*[1.083160478791762]"[latinmodern-math.otf]/OT:script=math;language=dflt;"<6-8.5>s*[1.083160478791762]"[latinmodern-math.otf]/OT:script=math;language=dflt;+ssty=0;"<-6>s*[1.083160478791762]"[latinmodern-math.otf]/OT:script=math;language=dflt;+ssty=1;"
(fontspec)             - 'bold' (b/n) with NFSS spec.:
(fontspec)             <->s*[1.083160478791762]"[latinmodern-math.otf]/OT:script=math;language=dflt;"

LaTeX Font Info:    Encoding `OMS' has changed to `TU' for symbol font
(Font)              `symbols' in the math version `normal' on input line 139.
LaTeX Font Info:    Overwriting symbol font `symbols' in version `normal'
(Font)                  OMS/lmsy/m/n --> TU/latinmodern-math.otf(2)/m/n on input line 139.
LaTeX Font Info:    Encoding `OMS' has changed to `TU' for symbol font
(Font)              `symbols' in the math version `bold' on input line 139.
LaTeX Font Info:    Overwriting symbol font `symbols' in version `bold'
(Font)                  OMS/lmsy/b/n --> TU/latinmodern-math.otf(2)/b/n on input line 139.

Package fontspec Info: 
(fontspec)             latinmodern-math scale = 1.083052173574405.


Package fontspec Info: 
(fontspec)             latinmodern-math scale = 1.082943868357048.


Package fontspec Info: 
(fontspec)             latinmodern-math scale = 1.083052173574405.


Package fontspec Info: 
(fontspec)             latinmodern-math scale = 1.082943868357048.


Package fontspec Info: 
(fontspec)             latinmodern-math scale = 1.083052173574405.


Package fontspec Info: 
(fontspec)             latinmodern-math scale = 1.082943868357048.


Package fontspec Info: 
(fontspec)             latinmodern-math scale = 1.083052173574405.


Package fontspec Info: 
(fontspec)             latinmodern-math scale = 1.082943868357048.


Package fontspec Info: 
(fontspec)             latinmodern-math scale = 1.083052173574405.


Package fontspec Info: 
(fontspec)             latinmodern-math scale = 1.082943868357048.


Package fontspec Info: 
(fontspec)             Font family 'latinmodern-math.otf(3)' created for font
(fontspec)             'latinmodern-math.otf' with options
(fontspec)             [Scale=MatchLowercase,BoldItalicFont={},ItalicFont={},SmallCapsFont={},Script=Math,SizeFeatures={{Size=8.5-},{Size=6-8.5,Font=latinmodern-math.otf,Style=MathScript},{Size=-6,Font=latinmodern-math.otf,Style=MathScriptScript}},BoldFont={latinmodern-math.otf},ScaleAgain=0.9999,FontAdjustment={\fontdimen
(fontspec)             8\font =0.43323pt\relax \fontdimen 9\font
(fontspec)             =2.1661pt\relax \fontdimen 10\font =1.8087pt\relax
(fontspec)             \fontdimen 11\font =1.2022pt\relax \fontdimen 12\font
(fontspec)             =6.49832pt\relax \fontdimen 13\font =0pt\relax }].
(fontspec)              
(fontspec)              This font family consists of the following NFSS
(fontspec)             series/shapes:
(fontspec)              
(fontspec)             - 'normal' (m/n) with NFSS spec.:
(fontspec)             <8.5->s*[1.082943868357048]"[latinmodern-math.otf]/OT:script=math;language=dflt;"<6-8.5>s*[1.082943868357048]"[latinmodern-math.otf]/OT:script=math;language=dflt;+ssty=0;"<-6>s*[1.082943868357048]"[latinmodern-math.otf]/OT:script=math;language=dflt;+ssty=1;"
(fontspec)             - 'bold' (b/n) with NFSS spec.:
(fontspec)             <->s*[1.082943868357048]"[latinmodern-math.otf]/OT:script=math;language=dflt;"

LaTeX Font Info:    Encoding `OMX' has changed to `TU' for symbol font
(Font)              `largesymbols' in the math version `normal' on input line 139.
LaTeX Font Info:    Overwriting symbol font `largesymbols' in version `normal'
(Font)                  OMX/lmex/m/n --> TU/latinmodern-math.otf(3)/m/n on input line 139.
LaTeX Font Info:    Encoding `OMX' has changed to `TU' for symbol font
(Font)              `largesymbols' in the math version `bold' on input line 139.
LaTeX Font Info:    Overwriting symbol font `largesymbols' in version `bold'
(Font)                  OMX/lmex/m/n --> TU/latinmodern-math.otf(3)/b/n on input line 139.
LaTeX Info: Redefining \microtypecontext on input line 139.
Package microtype Info: Applying patch `item' on input line 139.
Package microtype Info: Applying patch `toc' on input line 139.
Package microtype Info: Applying patch `eqnum' on input line 139.
Package microtype Info: Applying patch `footnote' on input line 139.
Package microtype Info: Applying patch `verbatim' on input line 139.
LaTeX Info: Redefining \microtypesetup on input line 139.
Package microtype Info: Character protrusion enabled (level 2).
Package microtype Info: Using protrusion set `basicmath'.
Package microtype Info: No adjustment of tracking.
Package microtype Info: No adjustment of spacing.
Package microtype Info: No adjustment of kerning.
Package microtype Info: Loading generic protrusion settings for font family
(microtype)             `Cambria' (encoding: TU).
(microtype)             For optimal results, create family-specific settings.
(microtype)             See the microtype manual for details.
*geometry* driver: auto-detecting
*geometry* detected driver: xetex
*geometry* verbose mode - [ preamble ] result:
* driver: xetex
* paper: <default>
* layout: <same size as paper>
* layoutoffset:(h,v)=(0.0pt,0.0pt)
* modes: 
* h-part:(L,W,R)=(72.26999pt, 469.75502pt, 72.26999pt)
* v-part:(T,H,B)=(72.26999pt, 650.43001pt, 72.26999pt)
* \paperwidth=614.295pt
* \paperheight=794.96999pt
* \textwidth=469.75502pt
* \textheight=650.43001pt
* \oddsidemargin=0.0pt
* \evensidemargin=0.0pt
* \topmargin=-37.0pt
* \headheight=12.0pt
* \headsep=25.0pt
* \topskip=10.0pt
* \footskip=30.0pt
* \marginparwidth=65.0pt
* \marginparsep=11.0pt
* \columnsep=10.0pt
* \skip\footins=9.0pt plus 4.0pt minus 2.0pt
* \hoffset=0.0pt
* \voffset=0.0pt
* \mag=1000
* \@twocolumnfalse
* \@twosidefalse
* \@mparswitchfalse
* \@reversemarginfalse
* (1in=72.27pt=25.4mm, 1cm=28.453pt)

Package hyperref Info: Link coloring OFF on input line 139.
LaTeX Font Info:    Font shape `TU/Cambria(0)/b/n' will be
(Font)              scaled to size 10.0pt on input line 143.
LaTeX Font Info:    Font shape `TU/Cambria(0)/b/n' will be
(Font)              scaled to size 17.28pt on input line 143.
File: images/Logo1.jpg Graphic file (type bmp)
<images/Logo1.jpg>
LaTeX Font Info:    Font shape `TU/Cambria(0)/b/n' will be
(Font)              scaled to size 12.0pt on input line 145.
File: images/Logo2.png Graphic file (type bmp)
<images/Logo2.png>
File: images/Logo3.png Graphic file (type bmp)
<images/Logo3.png>
File: images/Logo4.png Graphic file (type bmp)
<images/Logo4.png>
LaTeX Font Info:    Font shape `TU/Cambria(0)/b/n' will be
(Font)              scaled to size 24.88pt on input line 158.

LaTeX Font Warning: Font shape `TU/FranklinGothicDemiCond(0)/b/n' undefined
(Font)              using `TU/FranklinGothicDemiCond(0)/m/n' instead on input line 158.

LaTeX Font Info:    Font shape `TU/FranklinGothicDemiCond(0)/m/n' will be
(Font)              scaled to size 23.54974pt on input line 158.
LaTeX Font Info:    Font shape `TU/Cambria(0)/m/n' will be
(Font)              scaled to size 12.0pt on input line 163.
LaTeX Font Info:    Font shape `TU/Cambria(0)/m/it' will be
(Font)              scaled to size 12.0pt on input line 163.

LaTeX Font Warning: Font shape `TU/FranklinGothicDemiCond(0)/m/it' undefined
(Font)              using `TU/FranklinGothicDemiCond(0)/m/n' instead on input line 163.

LaTeX Font Info:    Font shape `TU/FranklinGothicDemiCond(0)/m/n' will be
(Font)              scaled to size 11.3584pt on input line 163.
Package microtype Info: Loading generic protrusion settings for font family
(microtype)             `FranklinGothicDemiCond' (encoding: TU).
(microtype)             For optimal results, create family-specific settings.
(microtype)             See the microtype manual for details.
LaTeX Font Info:    Font shape `TU/latinmodern-math.otf(1)/m/n' will be
(Font)              scaled to size 7.58138pt on input line 168.
LaTeX Font Info:    Font shape `TU/latinmodern-math.otf(1)/m/n' will be
(Font)              scaled to size 5.41527pt on input line 168.
LaTeX Font Info:    Trying to load font information for OML+lmm on input line 168.
(c:/Users/lenovo/AppData/Roaming/TinyTeX/texmf-dist/tex/latex/lm/omllmm.fd
File: omllmm.fd 2015/05/01 v1.6.1 Font defs for Latin Modern
)
LaTeX Font Info:    Font shape `TU/latinmodern-math.otf(2)/m/n' will be
(Font)              scaled to size 10.8316pt on input line 168.
LaTeX Font Info:    Font shape `TU/latinmodern-math.otf(2)/m/n' will be
(Font)              scaled to size 7.58212pt on input line 168.
LaTeX Font Info:    Font shape `TU/latinmodern-math.otf(2)/m/n' will be
(Font)              scaled to size 5.4158pt on input line 168.
LaTeX Font Info:    Font shape `TU/latinmodern-math.otf(3)/m/n' will be
(Font)              scaled to size 10.82947pt on input line 168.
LaTeX Font Info:    Font shape `TU/latinmodern-math.otf(3)/m/n' will be
(Font)              scaled to size 7.58063pt on input line 168.
LaTeX Font Info:    Font shape `TU/latinmodern-math.otf(3)/m/n' will be
(Font)              scaled to size 5.41473pt on input line 168.
LaTeX Font Info:    Trying to load font information for U+msa on input line 168.
(c:/Users/lenovo/AppData/Roaming/TinyTeX/texmf-dist/tex/latex/amsfonts/umsa.fd
File: umsa.fd 2013/01/14 v3.01 AMS symbols A
) (c:/Users/lenovo/AppData/Roaming/TinyTeX/texmf-dist/tex/latex/microtype/mt-msa.cfg
File: mt-msa.cfg 2006/02/04 v1.1 microtype config. file: AMS symbols (a) (RS)
)
LaTeX Font Info:    Trying to load font information for U+msb on input line 168.
(c:/Users/lenovo/AppData/Roaming/TinyTeX/texmf-dist/tex/latex/amsfonts/umsb.fd
File: umsb.fd 2013/01/14 v3.01 AMS symbols B
) (c:/Users/lenovo/AppData/Roaming/TinyTeX/texmf-dist/tex/latex/microtype/mt-msb.cfg
File: mt-msb.cfg 2005/06/01 v1.0 microtype config. file: AMS symbols (b) (RS)
)
LaTeX Font Info:    Font shape `TU/FranklinGothicDemiCond(0)/m/it' will be
(Font)              scaled to size 11.3584pt on input line 172.


[1

]
LaTeX Font Info:    Font shape `TU/Cambria(0)/m/n' will be
(Font)              scaled to size 24.88pt on input line 187.

LaTeX Warning: Hyper reference `analyse-textuelle-reponses-enquete' on page 1 undefined on input line 193.


LaTeX Warning: Hyper reference `importation-nettoyage-donnees' on page 1 undefined on input line 199.


LaTeX Warning: Hyper reference `exploration-pretraitement-textuel' on page 1 undefined on input line 202.


LaTeX Warning: Hyper reference `analyse-thematique-lda' on page 1 undefined on input line 204.


LaTeX Warning: Hyper reference `approche-alternative-bertopic' on page 1 undefined on input line 207.


LaTeX Warning: Hyper reference `visualisation' on page 1 undefined on input line 209.


LaTeX Warning: Hyper reference `conclusion' on page 1 undefined on input line 211.


LaTeX Warning: Hyper reference `references-webographiques' on page 1 undefined on input line 214.



[1]
Underfull \hbox (badness 1281) in paragraph at lines 221--226
\TU/Cambria(0)/m/n/10 Le traitement automatique du langage naturel (TALN) regroupe un ensemble de techniques permettant
 []

Missing character: There is no  (U+1D43E) in font Cambria Bold/OT:script=latn;language=dflt;mapping=tex-text;!


[2]
LaTeX Font Info:    Font shape `TU/Cambria(0)/m/n' will be
(Font)              scaled to size 17.28pt on input line 261.
LaTeX Font Info:    Font shape `TU/CourierNew(0)/m/n' will be
(Font)              scaled to size 11.03928pt on input line 264.
LaTeX Font Info:    Font shape `TU/CourierNew(0)/b/n' will be
(Font)              scaled to size 10.52856pt on input line 265.
LaTeX Font Info:    Font shape `TU/CourierNew(0)/m/it' will be
(Font)              scaled to size 11.03928pt on input line 265.
LaTeX Font Info:    Font shape `TU/Cambria(0)/m/n' will be
(Font)              scaled to size 20.74pt on input line 279.
LaTeX Font Info:    Font shape `TU/Cambria(0)/b/n' will be
(Font)              scaled to size 20.74pt on input line 279.


[3]

[4]
File: Texte_mining_files/figure-latex/unnamed-chunk-6-1.pdf Graphic file (type pdf)
<use Texte_mining_files/figure-latex/unnamed-chunk-6-1.pdf>
LaTeX Font Info:    Font shape `TU/Cambria(0)/m/it' will be
(Font)              scaled to size 10.0pt on input line 423.


[5]
File: Texte_mining_files/figure-latex/unnamed-chunk-9-1.pdf Graphic file (type pdf)
<use Texte_mining_files/figure-latex/unnamed-chunk-9-1.pdf>


[6]
File: Texte_mining_files/figure-latex/unnamed-chunk-10-1.pdf Graphic file (type pdf)
<use Texte_mining_files/figure-latex/unnamed-chunk-10-1.pdf>


[7]

[8]

[9]
File: Texte_mining_files/figure-latex/unnamed-chunk-17-1.pdf Graphic file (type pdf)
<use Texte_mining_files/figure-latex/unnamed-chunk-17-1.pdf>


[10]
File: Texte_mining_files/figure-latex/unnamed-chunk-18-1.pdf Graphic file (type pdf)
<use Texte_mining_files/figure-latex/unnamed-chunk-18-1.pdf>


[11]

[12]

[13]
File: Texte_mining_files/figure-latex/unnamed-chunk-23-1.pdf Graphic file (type pdf)
<use Texte_mining_files/figure-latex/unnamed-chunk-23-1.pdf>


[14]

[15]
File: Texte_mining_files/figure-latex/unnamed-chunk-27-1.pdf Graphic file (type pdf)
<use Texte_mining_files/figure-latex/unnamed-chunk-27-1.pdf>


[16]

[17]
File: Texte_mining_files/figure-latex/unnamed-chunk-30-1.pdf Graphic file (type pdf)
<use Texte_mining_files/figure-latex/unnamed-chunk-30-1.pdf>


[18]

[19]

[20]
File: Texte_mining_files/figure-latex/unnamed-chunk-34-1.pdf Graphic file (type pdf)
<use Texte_mining_files/figure-latex/unnamed-chunk-34-1.pdf>

Underfull \vbox (badness 1107) detected at line 1254
 []



[21]
File: Texte_mining_files/figure-latex/unnamed-chunk-37-1.pdf Graphic file (type pdf)
<use Texte_mining_files/figure-latex/unnamed-chunk-37-1.pdf>


[22]

[23]
Overfull \hbox (84.50699pt too wide) in paragraph at lines 1362--1362
[]\TU/CourierNew(0)/m/n/10 ## python:         C:/Users/lenovo/AppData/Local/R/cache/R/reticulate/uv/cache/archive-
 []


Overfull \hbox (97.75623pt too wide) in paragraph at lines 1362--1362
[]\TU/CourierNew(0)/m/n/10 ## libpython:      C:/Users/lenovo/AppData/Local/R/cache/R/reticulate/uv/python/cpython-
 []


Overfull \hbox (93.33978pt too wide) in paragraph at lines 1362--1362
[]\TU/CourierNew(0)/m/n/10 ## pythonhome:     C:/Users/lenovo/AppData/Local/R/cache/R/reticulate/uv/cache/archive-
 []


Overfull \hbox (93.33978pt too wide) in paragraph at lines 1362--1362
[]\TU/CourierNew(0)/m/n/10 ## virtualenv:     C:/Users/lenovo/AppData/Local/R/cache/R/reticulate/uv/cache/archive-
 []


Overfull \hbox (42.55106pt too wide) in paragraph at lines 1362--1362
[]\TU/CourierNew(0)/m/n/10 ## version:        3.11.12 (main, Apr  9 2025, 04:03:34) [MSC v.1943 64 bit (AMD64)][] 
 []


Overfull \hbox (82.29878pt too wide) in paragraph at lines 1362--1362
[]\TU/CourierNew(0)/m/n/10 ## numpy:          C:/Users/lenovo/AppData/Local/R/cache/R/reticulate/uv/cache/archive-
 []



[24]
Missing character: There is no  (U+1F524) in font Courier New Italic/OT:script=latn;language=dflt;!
Missing character: There is no  (U+1F9EE) in font Courier New Italic/OT:script=latn;language=dflt;!
Missing character: There is no  (U+1F4CA) in font Courier New Italic/OT:script=latn;language=dflt;!
Missing character: There is no  (U+1F3AF) in font Courier New Italic/OT:script=latn;language=dflt;!
Missing character: There is no  (U+2705) in font Courier New Italic/OT:script=latn;language=dflt;!
Missing character: There is no  (U+1F4DA) in font Courier New Italic/OT:script=latn;language=dflt;!
Missing character: There is no  (U+1F4E6) in font Courier New Italic/OT:script=latn;language=dflt;!
Missing character: There is no  (U+1F3AF) in font Courier New Italic/OT:script=latn;language=dflt;!


[25]
Overfull \hbox (20.46875pt too wide) in paragraph at lines 1526--1526
[]\TU/CourierNew(0)/m/n/10 ##  [1] 0.7649678 1.0000000 1.0000000 0.7850124 1.0000000 0.8767291 1.0000000[] 
 []


Overfull \hbox (20.46875pt too wide) in paragraph at lines 1526--1526
[]\TU/CourierNew(0)/m/n/10 ##  [8] 1.0000000 1.0000000 1.0000000 0.9240548 1.0000000 0.8713598 1.0000000[] 
 []


Overfull \hbox (22.67696pt too wide) in paragraph at lines 1526--1526
[]\TU/CourierNew(0)/m/n/10 ## [15] 1.0000000 1.0000000 1.0000000 0.9533261 1.0000000 1.0000000 1.0000000[] 
 []


Overfull \hbox (22.67696pt too wide) in paragraph at lines 1526--1526
[]\TU/CourierNew(0)/m/n/10 ## [22] 0.9240548 0.9210614 1.0000000 0.8374228 0.6877206 1.0000000 1.0000000[] 
 []


Overfull \hbox (22.67696pt too wide) in paragraph at lines 1526--1526
[]\TU/CourierNew(0)/m/n/10 ## [29] 1.0000000 0.8713598 1.0000000 1.0000000 0.9533261 1.0000000 0.8585130[] 
 []


Overfull \hbox (22.67696pt too wide) in paragraph at lines 1526--1526
[]\TU/CourierNew(0)/m/n/10 ## [36] 1.0000000 1.0000000 0.9615890 0.9210614 1.0000000 1.0000000 1.0000000[] 
 []

Missing character: There is no  (U+1F501) in font Courier New Italic/OT:script=latn;language=dflt;!
Missing character: There is no  (U+1F50D) in font Courier New Italic/OT:script=latn;language=dflt;!

Overfull \hbox (51.3849pt too wide) in paragraph at lines 1566--1566
[]\TU/CourierNew(0)/m/n/10 ##                                                                                              Representation[] 
 []


Overfull \hbox (164.0032pt too wide) in paragraph at lines 1566--1566
[]\TU/CourierNew(0)/m/n/10 ## 1                                 de, la, pays, les, prsenter, culture, organisation, cultures, chaque, en[] 
 []


Overfull \hbox (135.29662pt too wide) in paragraph at lines 1566--1566
[]\TU/CourierNew(0)/m/n/10 ## 2                                              bien, pour, soit, son, jours, espace, le, est, journe, tout[] 
 []


Overfull \hbox (141.92119pt too wide) in paragraph at lines 1566--1566
[]\TU/CourierNew(0)/m/n/10 ## 3                                           tout, une, soire, monde, voir, salle, grande, dansante, je, un[] 
 []


Overfull \hbox (133.0884pt too wide) in paragraph at lines 1566--1566
[]\TU/CourierNew(0)/m/n/10 ## 4                                               sketchs, des, courts, acteurs, les, aux, micro, et, je, pas[] 
 []


Overfull \hbox (168.4196pt too wide) in paragraph at lines 1566--1566
[]\TU/CourierNew(0)/m/n/10 ## 5                               temps, prestations, rduire, le, il, faut, des, chanter, accordez, diminuer[] 
 []


Overfull \hbox (234.66565pt too wide) in paragraph at lines 1566--1566
[]\TU/CourierNew(0)/m/n/10 ## 6 court, mtrage, culturelle, intgrer, crativit, preuve, diversit, participants, sensibiliser, culturel[] 
 []


Overfull \hbox (2429.6393pt too wide) in paragraph at lines 1566--1566
[]\TU/CourierNew(0)/m/n/10 ##                                                                                                                                                                                                                                                                                                                                                                                                                                                                                                                                                                                                                                                 Representative_Docs[] 
 []


Overfull \hbox (658.6431pt too wide) in paragraph at lines 1566--1566
[]\TU/CourierNew(0)/m/n/10 ## 1 Que chaque pays prsente sa culture de telle sorte les personnes qui ne connaissaient pas ce  pays vont le dcouvrir  travers la prestation de ses rsidents, Encourager la co-
 []


Overfull \hbox (2473.79596pt too wide) in paragraph at lines 1566--1566
\TU/CourierNew(0)/m/n/10 organisation pour permettre aux diffrentes cultures de nous prsenter des activits culturelles en commun. Prolonger la journe d'intgration  d'autres journes (continuellement) pour favoriser l'apprentissage culturel au sein de l'cole, Les diffrentes communauts doivent s'avantage s'enraciner dans leur cultures et prsenter les spcificits de leur cultures afin de susciter la curiousit des autres et voulant en savoir davantage mme aprs la dite journe[] 
 []



[26]
Overfull \hbox (2765.28587pt too wide) in paragraph at lines 1566--1566
[]\TU/CourierNew(0)/m/n/10 ## 2                                                                                                                                                                                                                                                                                                                                                                                                                                                       Bien organiser lvnement pour viter le dsordre et les retards., Amliorer le son pour que tout soit bien audible., Vrifier le son pour que tout soit bien clair et quon entende bien les prestataires[] 
 []


Overfull \hbox (2813.8663pt too wide) in paragraph at lines 1566--1566
[]\TU/CourierNew(0)/m/n/10 ## 3                                                                                                                                                                                                                                                                                                                                                                                                                        Je ne crois pas qu'on. L'air dj fait mais je trouve que a pourrait tre intressant, Utiliser une plus grande salle pour permettre  tout le monde de tout voir, Trouver une salle plus grande pour que tout le monde puisse bien voir.[] 
 []


Overfull \hbox (2988.31415pt too wide) in paragraph at lines 1566--1566
[]\TU/CourierNew(0)/m/n/10 ## 4                                                                                                                                                                                                                                                                                                                              Je suggre des sketchs comiques qui vont nous permettre de rparer les dgts psychologiques causs par le premier semestre, Faire des sketch courts et donner le micro aux acteurs sur la scne, car habituellement on ne les coute pas., Faire des sketchs courts et bien donner le micro aux acteurs, quon puisse les entendre.[] 
 []


Overfull \hbox (2601.87895pt too wide) in paragraph at lines 1566--1566
[]\TU/CourierNew(0)/m/n/10 ## 5                                                                                                                                                                                                                                                                                                                                                                                                                                                                                                                                                diminuer le temps des discours, Il faut rduire le temps des prestations, Il faut rduire le temps des prestations[] 
 []


Overfull \hbox (2215.44093pt too wide) in paragraph at lines 1566--1566
[]\TU/CourierNew(0)/m/n/10 ## 6                                                                                                                                                                                                                                                                                                                                                                                                                                                                                                                      Faire preuve de crativit, Court mtrage culturel, Intgrer un court-
 []



[27]
Overfull \hbox (29.3018pt too wide) in paragraph at lines 1638--1638
[]\TU/CourierNew(0)/m/n/10 ##      id `Classe de ltudiant :` `Nationalit de l'tudiant` texte         label[] 
 []

Missing character: There is no  (U+1F4A1) in font Cambria/OT:script=latn;language=dflt;mapping=tex-text;!
Missing character: There is no  (U+1F4A1) in font Cambria/OT:script=latn;language=dflt;mapping=tex-text;!


[28]

[29] (./Texte_mining.aux)
 ***********
LaTeX2e <2024-11-01> patch level 2
L3 programming layer <2025-03-26>
 ***********

LaTeX Font Warning: Some font shapes were not available, defaults substituted.


LaTeX Warning: There were undefined references.


LaTeX Warning: There were multiply-defined labels.

 ) 
Here is how much of TeX's memory you used:
 20097 strings out of 472282
 372634 string characters out of 5528532
 954699 words of memory out of 5000000
 46304 multiletter control sequences out of 15000+600000
 630626 words of font info for 105 fonts, out of 8000000 for 9000
 14 hyphenation exceptions out of 8191
 90i,7n,116p,1201b,545s stack positions out of 10000i,1000n,20000p,200000b,200000s

Output written on Texte_mining.pdf (30 pages).
